app/build/intermediates/manifest_merge_blame_file/debug/manifest-merger-blame-debug-report.txt
1<?xml version="1.0" encoding="utf-8"?>
2<manifest xmlns:android="http://schemas.android.com/apk/res/android"
3    package="com.anshika.sos"
4    android:versionCode="1"
5    android:versionName="1.0" >
6
7    <uses-sdk
8        android:minSdkVersion="21"
8-->src\main\AndroidManifest.xml
9        android:targetSdkVersion="30" />
9-->src\main\AndroidManifest.xml
10
11    <uses-permission android:name="android.permission.READ_CONTACTS" />
11-->src\main\AndroidManifest.xml:6:5-72
11-->src\main\AndroidManifest.xml:6:22-69
12    <uses-permission android:name="android.permission.VIBRATE" />
12-->src\main\AndroidManifest.xml:7:5-66
12-->src\main\AndroidManifest.xml:7:22-63
13    <uses-permission android:name="android.permission.SEND_SMS" />
13-->src\main\AndroidManifest.xml:8:5-67
13-->src\main\AndroidManifest.xml:8:22-64
14    <uses-permission android:name="android.permission.ACCESS_FINE_LOCATION" />
14-->src\main\AndroidManifest.xml:9:5-79
14-->src\main\AndroidManifest.xml:9:22-76
15    <uses-permission android:name="android.permission.ACCESS_COARSE_LOCATION" />
15-->src\main\AndroidManifest.xml:10:5-81
15-->src\main\AndroidManifest.xml:10:22-78
16    <uses-permission android:name="android.permission.FOREGROUND_SERVICE" />
16-->src\main\AndroidManifest.xml:11:5-77
16-->src\main\AndroidManifest.xml:11:22-74
17    <uses-permission android:name="android.permission.ACCESS_BACKGROUND_LOCATION" />
17-->src\main\AndroidManifest.xml:12:5-85
17-->src\main\AndroidManifest.xml:12:22-82
18    <uses-permission android:name="android.permission.REQUEST_IGNORE_BATTERY_OPTIMIZATIONS" />
18-->src\main\AndroidManifest.xml:13:5-95
18-->src\main\AndroidManifest.xml:13:22-92
19    <uses-permission android:name="android.permission.INTERNET" />
19-->[com.google.firebase:firebase-auth:21.0.1] AndroidManifest.xml:23:5-67
19-->[com.google.firebase:firebase-auth:21.0.1] AndroidManifest.xml:23:22-64
20    <uses-permission android:name="android.permission.ACCESS_NETWORK_STATE" />
20-->[com.google.firebase:firebase-auth:21.0.1] AndroidManifest.xml:24:5-79
20-->[com.google.firebase:firebase-auth:21.0.1] AndroidManifest.xml:24:22-76
21
22    <application
22-->src\main\AndroidManifest.xml:15:5-72:19
23        android:allowBackup="true"
23-->src\main\AndroidManifest.xml:16:9-35
24        android:appComponentFactory="androidx.core.app.CoreComponentFactory"
24-->[androidx.core:core:1.5.0] AndroidManifest.xml:24:18-86
25        android:debuggable="true"
26        android:icon="@drawable/splash"
26-->src\main\AndroidManifest.xml:17:9-40
27        android:label="Women Safety App"
27-->src\main\AndroidManifest.xml:18:9-41
28        android:roundIcon="@drawable/splash"
28-->src\main\AndroidManifest.xml:19:9-45
29        android:supportsRtl="true"
29-->src\main\AndroidManifest.xml:20:9-35
30        android:theme="@style/Theme.SOS" >
30-->src\main\AndroidManifest.xml:21:9-41
31        <activity
31-->src\main\AndroidManifest.xml:22:9-24:39
32            android:name="anshika.sos.About"
32-->src\main\AndroidManifest.xml:23:13-45
33            android:exported="true" />
33-->src\main\AndroidManifest.xml:24:13-36
34
35        <receiver
35-->src\main\AndroidManifest.xml:26:9-29:39
36            android:name="anshika.sos.ShakeServices.ReactivateService"
36-->src\main\AndroidManifest.xml:27:13-71
37            android:enabled="true"
37-->src\main\AndroidManifest.xml:28:13-35
38            android:exported="true" />
38-->src\main\AndroidManifest.xml:29:13-36
39
40        <service
40-->src\main\AndroidManifest.xml:31:9-34:39
41            android:name="anshika.sos.ShakeServices.SensorService"
41-->src\main\AndroidManifest.xml:32:13-67
42            android:enabled="true"
42-->src\main\AndroidManifest.xml:33:13-35
43            android:exported="true" />
43-->src\main\AndroidManifest.xml:34:13-36
44
45        <activity android:name="anshika.sos.Splash" >
45-->src\main\AndroidManifest.xml:36:9-42:20
45-->src\main\AndroidManifest.xml:36:19-52
46            <intent-filter>
46-->src\main\AndroidManifest.xml:37:13-41:29
47                <action android:name="android.intent.action.MAIN" />
47-->src\main\AndroidManifest.xml:38:17-69
47-->src\main\AndroidManifest.xml:38:25-66
48
49                <category android:name="android.intent.category.LAUNCHER" />
49-->src\main\AndroidManifest.xml:40:17-77
49-->src\main\AndroidManifest.xml:40:27-74
50            </intent-filter>
51        </activity>
52        <activity
52-->src\main\AndroidManifest.xml:43:9-50:20
53            android:name="anshika.sos.LoginActivity"
53-->src\main\AndroidManifest.xml:44:13-53
54            android:label="Login"
54-->src\main\AndroidManifest.xml:45:13-34
55            android:parentActivityName="anshika.sos.Splash" >
55-->src\main\AndroidManifest.xml:46:13-60
56            <meta-data
56-->src\main\AndroidManifest.xml:47:13-49:54
57                android:name="android.support.PARENT_ACTIVITY"
57-->src\main\AndroidManifest.xml:48:17-63
58                android:value="anshika.sos.Splash" />
58-->src\main\AndroidManifest.xml:49:17-51
59        </activity>
60        <activity
60-->src\main\AndroidManifest.xml:51:9-58:20
61            android:name="anshika.sos.RegisterActivity"
61-->src\main\AndroidManifest.xml:52:13-56
62            android:label="Register"
62-->src\main\AndroidManifest.xml:53:13-37
63            android:parentActivityName="anshika.sos.LoginActivity" >
63-->src\main\AndroidManifest.xml:54:13-67
64            <meta-data
64-->src\main\AndroidManifest.xml:47:13-49:54
65                android:name="android.support.PARENT_ACTIVITY"
65-->src\main\AndroidManifest.xml:48:17-63
66                android:value="anshika.sos.LoginActivity" />
66-->src\main\AndroidManifest.xml:49:17-51
67        </activity>
68        <activity
68-->src\main\AndroidManifest.xml:59:9-67:20
69            android:name="anshika.sos.Home"
69-->src\main\AndroidManifest.xml:60:13-44
70            android:label="Women Safety App"
70-->src\main\AndroidManifest.xml:61:13-45
71            android:parentActivityName="anshika.sos.LoginActivity"
71-->src\main\AndroidManifest.xml:62:13-67
72            android:theme="@style/Theme.AppCompat.Light.NoActionBar" >
72-->src\main\AndroidManifest.xml:63:13-69
73            <meta-data
73-->src\main\AndroidManifest.xml:47:13-49:54
74                android:name="android.support.PARENT_ACTIVITY"
74-->src\main\AndroidManifest.xml:48:17-63
75                android:value="anshika.sos.LoginActivity" />
75-->src\main\AndroidManifest.xml:49:17-51
76        </activity>
77        <activity android:name="anshika.sos.MainActivity" />
77-->src\main\AndroidManifest.xml:68:9-61
77-->src\main\AndroidManifest.xml:68:19-58
78        <activity android:name="anshika.sos.Account_settings" />
78-->src\main\AndroidManifest.xml:69:9-65
78-->src\main\AndroidManifest.xml:69:19-62
79        <activity android:name="anshika.sos.Reset_Password" />
79-->src\main\AndroidManifest.xml:70:9-63
79-->src\main\AndroidManifest.xml:70:19-60
80        <activity android:name="anshika.sos.Tips" />
80-->src\main\AndroidManifest.xml:71:9-53
80-->src\main\AndroidManifest.xml:71:19-50
81        <activity
81-->[com.google.firebase:firebase-auth:21.0.1] AndroidManifest.xml:27:9-44:20
82            android:name="com.google.firebase.auth.internal.GenericIdpActivity"
82-->[com.google.firebase:firebase-auth:21.0.1] AndroidManifest.xml:28:13-80
83            android:excludeFromRecents="true"
83-->[com.google.firebase:firebase-auth:21.0.1] AndroidManifest.xml:29:13-46
84            android:exported="true"
84-->[com.google.firebase:firebase-auth:21.0.1] AndroidManifest.xml:30:13-36
85            android:launchMode="singleTask"
85-->[com.google.firebase:firebase-auth:21.0.1] AndroidManifest.xml:31:13-44
86            android:theme="@android:style/Theme.Translucent.NoTitleBar" >
86-->[com.google.firebase:firebase-auth:21.0.1] AndroidManifest.xml:32:13-72
87            <intent-filter>
87-->[com.google.firebase:firebase-auth:21.0.1] AndroidManifest.xml:33:13-43:29
88                <action android:name="android.intent.action.VIEW" />
88-->[com.google.firebase:firebase-auth:21.0.1] AndroidManifest.xml:34:17-69
88-->[com.google.firebase:firebase-auth:21.0.1] AndroidManifest.xml:34:25-66
89
90                <category android:name="android.intent.category.DEFAULT" />
90-->[com.google.firebase:firebase-auth:21.0.1] AndroidManifest.xml:36:17-76
90-->[com.google.firebase:firebase-auth:21.0.1] AndroidManifest.xml:36:27-73
91                <category android:name="android.intent.category.BROWSABLE" />
91-->[com.google.firebase:firebase-auth:21.0.1] AndroidManifest.xml:37:17-78
91-->[com.google.firebase:firebase-auth:21.0.1] AndroidManifest.xml:37:27-75
92
93                <data
93-->[com.google.firebase:firebase-auth:21.0.1] AndroidManifest.xml:39:17-42:51
94                    android:host="firebase.auth"
94-->[com.google.firebase:firebase-auth:21.0.1] AndroidManifest.xml:40:21-49
95                    android:path="/"
95-->[com.google.firebase:firebase-auth:21.0.1] AndroidManifest.xml:41:21-37
96                    android:scheme="genericidp" />
96-->[com.google.firebase:firebase-auth:21.0.1] AndroidManifest.xml:42:21-48
97            </intent-filter>
98        </activity>
99        <activity
99-->[com.google.firebase:firebase-auth:21.0.1] AndroidManifest.xml:45:9-62:20
100            android:name="com.google.firebase.auth.internal.RecaptchaActivity"
100-->[com.google.firebase:firebase-auth:21.0.1] AndroidManifest.xml:46:13-79
101            android:excludeFromRecents="true"
101-->[com.google.firebase:firebase-auth:21.0.1] AndroidManifest.xml:47:13-46
102            android:exported="true"
102-->[com.google.firebase:firebase-auth:21.0.1] AndroidManifest.xml:48:13-36
103            android:launchMode="singleTask"
103-->[com.google.firebase:firebase-auth:21.0.1] AndroidManifest.xml:49:13-44
104            android:theme="@android:style/Theme.Translucent.NoTitleBar" >
104-->[com.google.firebase:firebase-auth:21.0.1] AndroidManifest.xml:50:13-72
105            <intent-filter>
105-->[com.google.firebase:firebase-auth:21.0.1] AndroidManifest.xml:51:13-61:29
106                <action android:name="android.intent.action.VIEW" />
106-->[com.google.firebase:firebase-auth:21.0.1] AndroidManifest.xml:34:17-69
106-->[com.google.firebase:firebase-auth:21.0.1] AndroidManifest.xml:34:25-66
107
108                <category android:name="android.intent.category.DEFAULT" />
108-->[com.google.firebase:firebase-auth:21.0.1] AndroidManifest.xml:36:17-76
108-->[com.google.firebase:firebase-auth:21.0.1] AndroidManifest.xml:36:27-73
109                <category android:name="android.intent.category.BROWSABLE" />
109-->[com.google.firebase:firebase-auth:21.0.1] AndroidManifest.xml:37:17-78
109-->[com.google.firebase:firebase-auth:21.0.1] AndroidManifest.xml:37:27-75
110
111                <data
111-->[com.google.firebase:firebase-auth:21.0.1] AndroidManifest.xml:39:17-42:51
112                    android:host="firebase.auth"
112-->[com.google.firebase:firebase-auth:21.0.1] AndroidManifest.xml:40:21-49
113                    android:path="/"
113-->[com.google.firebase:firebase-auth:21.0.1] AndroidManifest.xml:41:21-37
114                    android:scheme="recaptcha" />
114-->[com.google.firebase:firebase-auth:21.0.1] AndroidManifest.xml:42:21-48
115            </intent-filter>
116        </activity>
117
118        <service
118-->[com.google.firebase:firebase-auth:21.0.1] AndroidManifest.xml:64:9-73:19
119            android:name="com.google.firebase.auth.api.fallback.service.FirebaseAuthFallbackService"
119-->[com.google.firebase:firebase-auth:21.0.1] AndroidManifest.xml:65:13-101
120            android:enabled="true"
120-->[com.google.firebase:firebase-auth:21.0.1] AndroidManifest.xml:66:13-35
121            android:exported="false" >
121-->[com.google.firebase:firebase-auth:21.0.1] AndroidManifest.xml:67:13-37
122            <intent-filter>
122-->[com.google.firebase:firebase-auth:21.0.1] AndroidManifest.xml:68:13-72:29
123                <action android:name="com.google.firebase.auth.api.gms.service.START" />
123-->[com.google.firebase:firebase-auth:21.0.1] AndroidManifest.xml:69:17-89
123-->[com.google.firebase:firebase-auth:21.0.1] AndroidManifest.xml:69:25-86
124
125                <category android:name="android.intent.category.DEFAULT" />
125-->[com.google.firebase:firebase-auth:21.0.1] AndroidManifest.xml:36:17-76
125-->[com.google.firebase:firebase-auth:21.0.1] AndroidManifest.xml:36:27-73
126            </intent-filter>
127        </service>
128        <service
128-->[com.google.firebase:firebase-auth:21.0.1] AndroidManifest.xml:74:9-80:19
129            android:name="com.google.firebase.components.ComponentDiscoveryService"
129-->[com.google.firebase:firebase-auth:21.0.1] AndroidManifest.xml:75:13-84
130            android:directBootAware="true"
130-->[com.google.firebase:firebase-common:20.0.0] AndroidManifest.xml:35:13-43
131            android:exported="false" >
131-->[com.google.firebase:firebase-auth:21.0.1] AndroidManifest.xml:76:13-37
132            <meta-data
132-->[com.google.firebase:firebase-auth:21.0.1] AndroidManifest.xml:77:13-79:85
133                android:name="com.google.firebase.components:com.google.firebase.auth.FirebaseAuthRegistrar"
133-->[com.google.firebase:firebase-auth:21.0.1] AndroidManifest.xml:78:17-109
134                android:value="com.google.firebase.components.ComponentRegistrar" />
134-->[com.google.firebase:firebase-auth:21.0.1] AndroidManifest.xml:79:17-82
135            <meta-data
135-->[com.google.firebase:firebase-database:20.0.2] AndroidManifest.xml:32:13-34:85
136                android:name="com.google.firebase.components:com.google.firebase.database.DatabaseRegistrar"
136-->[com.google.firebase:firebase-database:20.0.2] AndroidManifest.xml:33:17-109
137                android:value="com.google.firebase.components.ComponentRegistrar" />
137-->[com.google.firebase:firebase-database:20.0.2] AndroidManifest.xml:34:17-82
138        </service>
139
140        <activity
140-->[com.google.android.gms:play-services-base:17.5.0] AndroidManifest.xml:23:9-26:75
141            android:name="com.google.android.gms.common.api.GoogleApiActivity"
141-->[com.google.android.gms:play-services-base:17.5.0] AndroidManifest.xml:24:13-79
142            android:exported="false"
142-->[com.google.android.gms:play-services-base:17.5.0] AndroidManifest.xml:25:13-37
143            android:theme="@android:style/Theme.Translucent.NoTitleBar" />
143-->[com.google.android.gms:play-services-base:17.5.0] AndroidManifest.xml:26:13-72
144
145        <provider
145-->[com.google.firebase:firebase-common:20.0.0] AndroidManifest.xml:26:9-31:39
146            android:name="com.google.firebase.provider.FirebaseInitProvider"
146-->[com.google.firebase:firebase-common:20.0.0] AndroidManifest.xml:27:13-77
147            android:authorities="com.anshika.sos.firebaseinitprovider"
147-->[com.google.firebase:firebase-common:20.0.0] AndroidManifest.xml:28:13-72
148            android:directBootAware="true"
148-->[com.google.firebase:firebase-common:20.0.0] AndroidManifest.xml:29:13-43
149            android:exported="false"
149-->[com.google.firebase:firebase-common:20.0.0] AndroidManifest.xml:30:13-37
150            android:initOrder="100" />
150-->[com.google.firebase:firebase-common:20.0.0] AndroidManifest.xml:31:13-36
151
152        <meta-data
152-->[com.google.android.gms:play-services-basement:17.5.0] AndroidManifest.xml:23:9-25:69
153            android:name="com.google.android.gms.version"
153-->[com.google.android.gms:play-services-basement:17.5.0] AndroidManifest.xml:24:13-58
154            android:value="@integer/google_play_services_version" />
154-->[com.google.android.gms:play-services-basement:17.5.0] AndroidManifest.xml:25:13-66
155    </application>
156
157</manifest>